[0m16:06:18.730703 [debug] [MainThread]: Sending event: {'category': 'dbt', 'action': 'invocation', 'label': 'start', 'context': [<snowplow_tracker.self_describing_json.SelfDescribingJson object at 0x107650590>, <snowplow_tracker.self_describing_json.SelfDescribingJson object at 0x10849fc50>, <snowplow_tracker.self_describing_json.SelfDescribingJson object at 0x10849fed0>]}


============================== 16:06:18.733896 | 70b13bb2-ad7d-49e1-bbf3-c98b73f6c1fc ==============================
[0m16:06:18.733896 [info ] [MainThread]: Running with dbt=1.10.16
[0m16:06:18.734229 [debug] [MainThread]: running dbt with arguments {'profiles_dir': '/Users/kiienkyonhdo/.dbt', 'quiet': 'False', 'no_print': 'None', 'printer_width': '80', 'empty': 'None', 'debug': 'False', 'indirect_selection': 'eager', 'version_check': 'True', 'partial_parse': 'True', 'use_experimental_parser': 'False', 'target_path': 'None', 'cache_selected_only': 'False', 'log_cache_events': 'False', 'log_path': 'logs', 'write_json': 'True', 'send_anonymous_usage_stats': 'True', 'fail_fast': 'False', 'static_parser': 'True', 'invocation_command': 'dbt init', 'warn_error_options': 'WarnErrorOptionsV2(error=[], warn=[], silence=[])', 'log_format': 'default', 'introspect': 'True', 'warn_error': 'None', 'use_colors': 'True'}
[0m16:06:45.582817 [debug] [MainThread]: Starter project path: /opt/homebrew/Caskroom/miniconda/base/lib/python3.13/site-packages/dbt/include/starter_project
[0m16:06:45.591142 [info ] [MainThread]: 
Your new dbt project "dbt_olist" was created!

For more information on how to configure the profiles.yml file,
please consult the dbt documentation here:

  https://docs.getdbt.com/docs/configure-your-profile

One more thing:

Need help? Don't hesitate to reach out to us via GitHub issues or on Slack:

  https://community.getdbt.com/

Happy modeling!

[0m16:06:45.591556 [info ] [MainThread]: Setting up your profile.
[0m16:06:49.291408 [debug] [MainThread]: Snowflake adapter: Setting snowflake.connector to ERROR (file logging only)
[0m16:06:49.293446 [debug] [MainThread]: Snowflake adapter: Setting botocore to ERROR (file logging only)
[0m16:06:49.293636 [debug] [MainThread]: Snowflake adapter: Setting boto3 to ERROR (file logging only)
[0m16:15:58.179049 [info ] [MainThread]: Profile dbt_olist written to /Users/kiienkyonhdo/.dbt/profiles.yml using target's profile_template.yml and your supplied values. Run 'dbt debug' to validate the connection.
[0m16:15:58.251507 [debug] [MainThread]: Resource report: {"command_name": "init", "command_success": true, "command_wall_clock_time": 579.5665, "process_in_blocks": "0", "process_kernel_time": 0.460585, "process_mem_max_rss": "194854912", "process_out_blocks": "0", "process_user_time": 2.922371}
[0m16:15:58.287117 [debug] [MainThread]: Command `dbt init` succeeded at 16:15:58.281232 after 579.60 seconds
[0m16:15:58.293598 [debug] [MainThread]: Sending event: {'category': 'dbt', 'action': 'invocation', 'label': 'end', 'context': [<snowplow_tracker.self_describing_json.SelfDescribingJson object at 0x12933c3e0>, <snowplow_tracker.self_describing_json.SelfDescribingJson object at 0x1291e7530>, <snowplow_tracker.self_describing_json.SelfDescribingJson object at 0x1291767a0>]}
[0m16:15:58.296081 [debug] [MainThread]: Flushing usage events
[0m16:15:59.027982 [debug] [MainThread]: An error was encountered while trying to flush usage events
